0 info it worked if it ends with ok
1 verbose cli [ '/usr/local/bin/node', '/usr/local/bin/npm', 'run', 'lint:fix' ]
2 info using npm@3.6.0
3 info using node@v5.6.0
4 verbose run-script [ 'prelint:fix', 'lint:fix', 'postlint:fix' ]
5 info lifecycle webpack-boilerplate@1.0.1~prelint:fix: webpack-boilerplate@1.0.1
6 silly lifecycle webpack-boilerplate@1.0.1~prelint:fix: no script for prelint:fix, continuing
7 info lifecycle webpack-boilerplate@1.0.1~lint:fix: webpack-boilerplate@1.0.1
8 verbose lifecycle webpack-boilerplate@1.0.1~lint:fix: unsafe-perm in lifecycle true
9 verbose lifecycle webpack-boilerplate@1.0.1~lint:fix: PATH: /usr/local/lib/node_modules/npm/bin/node-gyp-bin:/Users/Wen/Development/git/webpack-template/_project_templates/pbr/node_modules/.bin:/Library/Frameworks/Python.framework/Versions/3.5/bin:/Library/Frameworks/Python.framework/Versions/3.5/bin:/usr/local/bin:/usr/bin:/bin:/usr/sbin:/sbin
10 verbose lifecycle webpack-boilerplate@1.0.1~lint:fix: CWD: /Users/Wen/Development/git/webpack-template/_project_templates/pbr
11 silly lifecycle webpack-boilerplate@1.0.1~lint:fix: Args: [ '-c', 'eslint -c .eslintrc --fix src/**' ]
12 silly lifecycle webpack-boilerplate@1.0.1~lint:fix: Returned: code: 1  signal: null
13 info lifecycle webpack-boilerplate@1.0.1~lint:fix: Failed to exec lint:fix script
14 verbose stack Error: webpack-boilerplate@1.0.1 lint:fix: `eslint -c .eslintrc --fix src/**`
14 verbose stack Exit status 1
14 verbose stack     at EventEmitter.<anonymous> (/usr/local/lib/node_modules/npm/lib/utils/lifecycle.js:232:16)
14 verbose stack     at emitTwo (events.js:100:13)
14 verbose stack     at EventEmitter.emit (events.js:185:7)
14 verbose stack     at ChildProcess.<anonymous> (/usr/local/lib/node_modules/npm/lib/utils/spawn.js:24:14)
14 verbose stack     at emitTwo (events.js:100:13)
14 verbose stack     at ChildProcess.emit (events.js:185:7)
14 verbose stack     at maybeClose (internal/child_process.js:827:16)
14 verbose stack     at Process.ChildProcess._handle.onexit (internal/child_process.js:211:5)
15 verbose pkgid webpack-boilerplate@1.0.1
16 verbose cwd /Users/Wen/Development/git/webpack-template/_project_templates/pbr
17 error Darwin 15.4.0
18 error argv "/usr/local/bin/node" "/usr/local/bin/npm" "run" "lint:fix"
19 error node v5.6.0
20 error npm  v3.6.0
21 error code ELIFECYCLE
22 error webpack-boilerplate@1.0.1 lint:fix: `eslint -c .eslintrc --fix src/**`
22 error Exit status 1
23 error Failed at the webpack-boilerplate@1.0.1 lint:fix script 'eslint -c .eslintrc --fix src/**'.
23 error Make sure you have the latest version of node.js and npm installed.
23 error If you do, this is most likely a problem with the webpack-boilerplate package,
23 error not with npm itself.
23 error Tell the author that this fails on your system:
23 error     eslint -c .eslintrc --fix src/**
23 error You can get information on how to open an issue for this project with:
23 error     npm bugs webpack-boilerplate
23 error Or if that isn't available, you can get their info via:
23 error     npm owner ls webpack-boilerplate
23 error There is likely additional logging output above.
24 verbose exit [ 1, true ]
