0 info it worked if it ends with ok
1 verbose cli [ '/Users/wen/.nvm/versions/node/v7.4.0/bin/node',
1 verbose cli   '/Users/wen/.nvm/versions/node/v7.4.0/bin/npm',
1 verbose cli   'start' ]
2 info using npm@4.0.5
3 info using node@v7.4.0
4 verbose run-script [ 'prestart', 'start', 'poststart' ]
5 info lifecycle webpack-boilerplate@1.0.1~prestart: webpack-boilerplate@1.0.1
6 silly lifecycle webpack-boilerplate@1.0.1~prestart: no script for prestart, continuing
7 info lifecycle webpack-boilerplate@1.0.1~start: webpack-boilerplate@1.0.1
8 verbose lifecycle webpack-boilerplate@1.0.1~start: unsafe-perm in lifecycle true
9 verbose lifecycle webpack-boilerplate@1.0.1~start: PATH: /Users/wen/.nvm/versions/node/v7.4.0/lib/node_modules/npm/bin/node-gyp-bin:/Users/wen/Development/git/sketches/experiments/swirling/node_modules/.bin:./node_modules/.bin/:/Users/wen/.nvm/versions/node/v7.4.0/bin:/usr/local/bin:/usr/bin:/bin:/usr/sbin:/sbin:/Applications/Wireshark.app/Contents/MacOS
10 verbose lifecycle webpack-boilerplate@1.0.1~start: CWD: /Users/wen/Development/git/sketches/experiments/swirling
11 silly lifecycle webpack-boilerplate@1.0.1~start: Args: [ '-c', 'webpack-dev-server' ]
12 silly lifecycle webpack-boilerplate@1.0.1~start: Returned: code: 1  signal: null
13 info lifecycle webpack-boilerplate@1.0.1~start: Failed to exec start script
14 verbose stack Error: webpack-boilerplate@1.0.1 start: `webpack-dev-server`
14 verbose stack Exit status 1
14 verbose stack     at EventEmitter.<anonymous> (/Users/wen/.nvm/versions/node/v7.4.0/lib/node_modules/npm/lib/utils/lifecycle.js:279:16)
14 verbose stack     at emitTwo (events.js:106:13)
14 verbose stack     at EventEmitter.emit (events.js:191:7)
14 verbose stack     at ChildProcess.<anonymous> (/Users/wen/.nvm/versions/node/v7.4.0/lib/node_modules/npm/lib/utils/spawn.js:40:14)
14 verbose stack     at emitTwo (events.js:106:13)
14 verbose stack     at ChildProcess.emit (events.js:191:7)
14 verbose stack     at maybeClose (internal/child_process.js:885:16)
14 verbose stack     at Process.ChildProcess._handle.onexit (internal/child_process.js:226:5)
15 verbose pkgid webpack-boilerplate@1.0.1
16 verbose cwd /Users/wen/Development/git/sketches/experiments/swirling
17 error Darwin 17.7.0
18 error argv "/Users/wen/.nvm/versions/node/v7.4.0/bin/node" "/Users/wen/.nvm/versions/node/v7.4.0/bin/npm" "start"
19 error node v7.4.0
20 error npm  v4.0.5
21 error code ELIFECYCLE
22 error webpack-boilerplate@1.0.1 start: `webpack-dev-server`
22 error Exit status 1
23 error Failed at the webpack-boilerplate@1.0.1 start script 'webpack-dev-server'.
23 error Make sure you have the latest version of node.js and npm installed.
23 error If you do, this is most likely a problem with the webpack-boilerplate package,
23 error not with npm itself.
23 error Tell the author that this fails on your system:
23 error     webpack-dev-server
23 error You can get information on how to open an issue for this project with:
23 error     npm bugs webpack-boilerplate
23 error Or if that isn't available, you can get their info via:
23 error     npm owner ls webpack-boilerplate
23 error There is likely additional logging output above.
24 verbose exit [ 1, true ]
